<?xml version="1.0" encoding="UTF-8"?>
<testng-results ignored="0" total="1" passed="1" failed="0" skipped="0">
  <reporter-output>
  </reporter-output>
  <suite started-at="2023-07-02T17:33:06 IST" name="Suite" finished-at="2023-07-02T17:33:14 IST" duration-ms="7950">
    <groups>
    </groups>
    <test started-at="2023-07-02T17:33:06 IST" name="Test" finished-at="2023-07-02T17:33:14 IST" duration-ms="7950">
      <class name="com.opencart.pageTest.HomePageTest">
        <test-method is-config="true" signature="bc()[pri:0, instance:com.opencart.pageTest.HomePageTest@7db12bb6]" started-at="2023-07-02T17:33:06 IST" name="bc" finished-at="2023-07-02T17:33:10 IST" duration-ms="4102" status="PASS">
          <reporter-output>
          </reporter-output>
        </test-method> <!-- bc -->
        <test-method signature="Login()[pri:0, instance:com.opencart.pageTest.HomePageTest@7db12bb6]" started-at="2023-07-02T17:33:10 IST" name="Login" finished-at="2023-07-02T17:33:10 IST" duration-ms="516" status="PASS">
          <reporter-output>
          </reporter-output>
        </test-method> <!-- Login -->
        <test-method is-config="true" signature="ac()[pri:0, instance:com.opencart.pageTest.HomePageTest@7db12bb6]" started-at="2023-07-02T17:33:10 IST" name="ac" finished-at="2023-07-02T17:33:14 IST" duration-ms="3299" status="PASS">
          <reporter-output>
          </reporter-output>
        </test-method> <!-- ac -->
      </class> <!-- com.opencart.pageTest.HomePageTest -->
    </test> <!-- Test -->
  </suite> <!-- Suite -->
</testng-results>
