<?xml version="1.0" encoding="UTF-8"?>
<testng-results ignored="0" total="1" passed="1" failed="0" skipped="0">
  <reporter-output>
  </reporter-output>
  <suite started-at="2023-06-28T16:41:10 IST" name="Suite" finished-at="2023-06-28T16:42:07 IST" duration-ms="56791">
    <groups>
    </groups>
    <test started-at="2023-06-28T16:41:10 IST" name="Test" finished-at="2023-06-28T16:42:07 IST" duration-ms="56791">
      <class name="com.opencart.pageTest.HomePageTest">
        <test-method is-config="true" signature="bc()[pri:0, instance:com.opencart.pageTest.HomePageTest@48aca48b]" started-at="2023-06-28T16:41:10 IST" name="bc" finished-at="2023-06-28T16:41:59 IST" duration-ms="49046" status="PASS">
          <reporter-output>
          </reporter-output>
        </test-method> <!-- bc -->
        <test-method signature="Login()[pri:0, instance:com.opencart.pageTest.HomePageTest@48aca48b]" started-at="2023-06-28T16:41:59 IST" name="Login" finished-at="2023-06-28T16:42:03 IST" duration-ms="4400" status="PASS">
          <reporter-output>
          </reporter-output>
        </test-method> <!-- Login -->
        <test-method is-config="true" signature="ac()[pri:0, instance:com.opencart.pageTest.HomePageTest@48aca48b]" started-at="2023-06-28T16:42:03 IST" name="ac" finished-at="2023-06-28T16:42:07 IST" duration-ms="3315" status="PASS">
          <reporter-output>
          </reporter-output>
        </test-method> <!-- ac -->
      </class> <!-- com.opencart.pageTest.HomePageTest -->
    </test> <!-- Test -->
  </suite> <!-- Suite -->
</testng-results>
